<?xml version="1.0" encoding="UTF-8"?>
<!-- Generated by org.testng.reporters.JUnitReportReporter -->
<testsuite hostname="RAMBABU" failures="0" tests="1" name="test.LoginTest" time="7.692" errors="0" timestamp="2025-05-21T19:04:52 IST" skipped="0">
  <testcase classname="test.LoginTest" name="testInvalidLogin" time="7.692"/>
</testsuite> <!-- test.LoginTest -->
