<?xml version="1.0" encoding="UTF-8"?>
<!-- Generated by org.testng.reporters.JUnitReportReporter -->
<testsuite hostname="RAMBABU" failures="0" tests="1" name="test.CheckoutTest" time="18.968" errors="0" timestamp="2025-05-22T11:21:45 IST" skipped="0">
  <testcase classname="test.CheckoutTest" name="testCheckoutProcess" time="18.968"/>
</testsuite> <!-- test.CheckoutTest -->
