<?xml version="1.0" encoding="UTF-8"?>
<!-- Generated by org.testng.reporters.JUnitReportReporter -->
<testsuite hostname="RAMBABU" failures="0" tests="1" name="test.LoginTest" time="11.089" errors="0" timestamp="2025-05-22T12:51:19 IST" skipped="0">
  <testcase classname="test.LoginTest" name="testValidLogin" time="11.089"/>
</testsuite> <!-- test.LoginTest -->
