<?xml version="1.0" encoding="UTF-8"?>
<!-- Generated by org.testng.reporters.JUnitReportReporter -->
<testsuite hostname="RAMBABU" failures="0" tests="1" name="test.CheckoutTest" time="15.768" errors="0" timestamp="2025-05-14T20:17:50 IST" skipped="0">
  <testcase classname="test.CheckoutTest" name="testCheckoutProcess" time="15.768"/>
</testsuite> <!-- test.CheckoutTest -->
