<?xml version="1.0" encoding="UTF-8"?>
<!-- Generated by org.testng.reporters.JUnitReportReporter -->
<testsuite hostname="RAMBABU" failures="0" tests="3" name="test.ProductTest" time="55.862" errors="0" timestamp="2025-05-14T20:17:50 IST" skipped="0">
  <testcase classname="test.ProductTest" name="testProductSearch" time="10.518"/>
  <testcase classname="test.ProductTest" name="testProductListing" time="32.472"/>
  <testcase classname="test.ProductTest" name="testProductDetails" time="12.872"/>
</testsuite> <!-- test.ProductTest -->
