<?xml version="1.0" encoding="UTF-8"?>
<!-- Generated by org.testng.reporters.JUnitReportReporter -->
<testsuite hostname="RAMBABU" failures="0" tests="1" name="test.LoginTest" time="28.203" errors="0" timestamp="2025-05-23T16:49:34 IST" skipped="0">
  <testcase classname="test.LoginTest" name="testValidLogin" time="28.203"/>
</testsuite> <!-- test.LoginTest -->
