<?xml version="1.0" encoding="UTF-8"?>
<!-- Generated by org.testng.reporters.JUnitReportReporter -->
<testsuite hostname="RAMBABU" failures="0" tests="2" name="test.LoginTest" time="53.094" errors="0" timestamp="2025-05-14T20:17:50 IST" skipped="0">
  <testcase classname="test.LoginTest" name="testValidLogin" time="22.096"/>
  <testcase classname="test.LoginTest" name="testInvalidLogin" time="30.998"/>
</testsuite> <!-- test.LoginTest -->
