<?xml version="1.0" encoding="UTF-8"?>
<!-- Generated by org.testng.reporters.JUnitReportReporter -->
<testsuite hostname="RAMBABU" failures="0" tests="3" name="test.CartTest" time="105.868" errors="0" timestamp="2025-05-14T20:17:50 IST" skipped="0">
  <testcase classname="test.CartTest" name="testCartTotal" time="30.834"/>
  <testcase classname="test.CartTest" name="testRemoveProductFromCart" time="39.485"/>
  <testcase classname="test.CartTest" name="testAddProductToCart" time="35.549"/>
</testsuite> <!-- test.CartTest -->
