<?xml version="1.0" encoding="UTF-8"?>
<!-- Generated by org.testng.reporters.JUnitReportReporter -->
<testsuite hostname="RAMBABU" failures="0" tests="1" name="test.LoginTest" time="12.289" errors="0" timestamp="2025-05-22T11:06:24 IST" skipped="0">
  <testcase classname="test.LoginTest" name="testInvalidLogin" time="12.289"/>
</testsuite> <!-- test.LoginTest -->
